OCRTest/build/outputs/logs/manifest-merger-debug-report.txt
-- Merging decision tree log ---
manifest
ADDED from src\main\AndroidManifest.xml:17:1-85:12
	package
		ADDED from src\main\AndroidManifest.xml:18:5-37
		INJECTED from src\main\AndroidManifest.xml
		INJECTED from src\main\AndroidManifest.xml
	android:versionName
		ADDED from src\main\AndroidManifest.xml:21:5-33
		INJECTED from src\main\AndroidManifest.xml
		INJECTED from src\main\AndroidManifest.xml
	android:versionCode
		ADDED from src\main\AndroidManifest.xml:20:5-29
		INJECTED from src\main\AndroidManifest.xml
		INJECTED from src\main\AndroidManifest.xml
	xmlns:android
		ADDED from src\main\AndroidManifest.xml:17:11-69
	android:installLocation
		ADDED from src\main\AndroidManifest.xml:19:5-45
uses-sdk
ADDED from src\main\AndroidManifest.xml:23:5-25:41
MERGED from [com.rmtheis:tess-two:6.0.4] AndroidManifest.xml:22:5-24:41
MERGED from [com.android.support:appcompat-v7:23.0.0] AndroidManifest.xml:20:5-43
MERGED from [com.android.support:support-v4:23.0.0] AndroidManifest.xml:20:5-43
MERGED from [com.google.android.gms:play-services-gcm:7.5.0] AndroidManifest.xml:18:5-42
MERGED from [com.google.android.gms:play-services-base:7.5.0] AndroidManifest.xml:18:5-42
MERGED from [com.android.support:support-v4:23.0.0] AndroidManifest.xml:20:5-43
MERGED from [com.android.support:cardview-v7:23.0.0] AndroidManifest.xml:20:5-43
MERGED from [com.android.support:recyclerview-v7:23.0.0] AndroidManifest.xml:20:5-43
MERGED from [com.android.support:support-v4:23.0.0] AndroidManifest.xml:20:5-43
	android:targetSdkVersion
		ADDED from src\main\AndroidManifest.xml:25:9-38
		INJECTED from src\main\AndroidManifest.xml
		INJECTED from src\main\AndroidManifest.xml
	android:minSdkVersion
		ADDED from src\main\AndroidManifest.xml:24:9-34
		INJECTED from src\main\AndroidManifest.xml
		INJECTED from src\main\AndroidManifest.xml
supports-screens
ADDED from src\main\AndroidManifest.xml:27:5-31:40
	android:largeScreens
		ADDED from src\main\AndroidManifest.xml:28:9-36
	android:smallScreens
		ADDED from src\main\AndroidManifest.xml:30:9-36
	android:normalScreens
		ADDED from src\main\AndroidManifest.xml:29:9-37
	android:xlargeScreens
		ADDED from src\main\AndroidManifest.xml:31:9-37
uses-feature#android.hardware.camera.autofocus
ADDED from src\main\AndroidManifest.xml:33:5-70
	android:name
		ADDED from src\main\AndroidManifest.xml:33:19-67
uses-feature#android.hardware.camera.flash
ADDED from src\main\AndroidManifest.xml:34:5-36:36
	android:required
		ADDED from src\main\AndroidManifest.xml:36:9-33
	android:name
		ADDED from src\main\AndroidManifest.xml:35:9-53
uses-feature#android.hardware.camera
ADDED from src\main\AndroidManifest.xml:37:5-60
	android:name
		ADDED from src\main\AndroidManifest.xml:37:19-57
uses-feature#android.hardware.screen.landscape
ADDED from src\main\AndroidManifest.xml:38:5-70
	android:name
		ADDED from src\main\AndroidManifest.xml:38:19-67
uses-permission#android.permission.CAMERA
ADDED from src\main\AndroidManifest.xml:40:5-65
	android:name
		ADDED from src\main\AndroidManifest.xml:40:22-62
uses-permission#android.permission.INTERNET
ADDED from src\main\AndroidManifest.xml:41:5-67
	android:name
		ADDED from src\main\AndroidManifest.xml:41:22-64
uses-permission#android.permission.WRITE_EXTERNAL_STORAGE
ADDED from src\main\AndroidManifest.xml:42:5-81
	android:name
		ADDED from src\main\AndroidManifest.xml:42:22-78
android:uses-permission#android.permission.READ_PHONE_STATE
ADDED from src\main\AndroidManifest.xml:44:5-83
	android:name
		ADDED from src\main\AndroidManifest.xml:44:30-80
android:uses-permission#android.permission.READ_EXTERNAL_STORAGE
ADDED from src\main\AndroidManifest.xml:45:5-88
	android:name
		ADDED from src\main\AndroidManifest.xml:45:30-85
application
ADDED from src\main\AndroidManifest.xml:47:5-83:19
MERGED from [com.android.support:appcompat-v7:23.0.0] AndroidManifest.xml:22:5-20
MERGED from [com.android.support:support-v4:23.0.0] AndroidManifest.xml:22:5-20
MERGED from [com.google.android.gms:play-services-gcm:7.5.0] AndroidManifest.xml:19:5-20
MERGED from [com.google.android.gms:play-services-base:7.5.0] AndroidManifest.xml:20:5-24:19
MERGED from [com.android.support:support-v4:23.0.0] AndroidManifest.xml:22:5-20
MERGED from [com.android.support:cardview-v7:23.0.0] AndroidManifest.xml:22:5-20
MERGED from [com.android.support:support-v4:23.0.0] AndroidManifest.xml:22:5-20
	android:label
		ADDED from src\main\AndroidManifest.xml:49:9-41
	android:icon
		ADDED from src\main\AndroidManifest.xml:48:9-45
activity#edu.sfsu.cs.orange.ocr.CaptureActivity
ADDED from src\main\AndroidManifest.xml:50:9-61:20
	android:screenOrientation
		ADDED from src\main\AndroidManifest.xml:53:13-50
	android:windowSoftInputMode
		ADDED from src\main\AndroidManifest.xml:55:13-60
	android:configChanges
		ADDED from src\main\AndroidManifest.xml:52:13-74
	android:theme
		ADDED from src\main\AndroidManifest.xml:54:13-71
	android:name
		ADDED from src\main\AndroidManifest.xml:51:13-44
intent-filter#android.intent.action.MAIN+android.intent.category.LAUNCHER
ADDED from src\main\AndroidManifest.xml:56:13-60:29
action#android.intent.action.MAIN
ADDED from src\main\AndroidManifest.xml:57:17-69
	android:name
		ADDED from src\main\AndroidManifest.xml:57:25-66
category#android.intent.category.LAUNCHER
ADDED from src\main\AndroidManifest.xml:59:17-77
	android:name
		ADDED from src\main\AndroidManifest.xml:59:27-74
activity#edu.sfsu.cs.orange.ocr.HelpActivity
ADDED from src\main\AndroidManifest.xml:62:9-70:20
	android:screenOrientation
		ADDED from src\main\AndroidManifest.xml:64:13-45
	android:name
		ADDED from src\main\AndroidManifest.xml:63:13-41
intent-filter#android.intent.action.VIEW+android.intent.category.DEFAULT
ADDED from src\main\AndroidManifest.xml:65:13-69:29
action#android.intent.action.VIEW
ADDED from src\main\AndroidManifest.xml:66:17-69
	android:name
		ADDED from src\main\AndroidManifest.xml:66:25-66
category#android.intent.category.DEFAULT
ADDED from src\main\AndroidManifest.xml:68:17-76
	android:name
		ADDED from src\main\AndroidManifest.xml:68:27-73
activity#edu.sfsu.cs.orange.ocr.PreferencesActivity
ADDED from src\main\AndroidManifest.xml:71:9-57
	android:name
		ADDED from src\main\AndroidManifest.xml:71:19-54
activity#edu.sfsu.cs.orange.ocr.SelectBookActivity
ADDED from src\main\AndroidManifest.xml:72:9-78:20
	android:name
		ADDED from src\main\AndroidManifest.xml:72:19-53
meta-data#com.google.android.gms.version
ADDED from src\main\AndroidManifest.xml:80:9-82:69
MERGED from [com.google.android.gms:play-services-base:7.5.0] AndroidManifest.xml:21:9-23:69
	android:value
		ADDED from src\main\AndroidManifest.xml:82:13-66
	android:name
		ADDED from src\main\AndroidManifest.xml:81:13-58